<?xml version="1.0" encoding="UTF-8"?>
<!-- Generated by org.testng.reporters.JUnitXMLReporter -->
<testsuite ignored="0" hostname="DESKTOP-D783K9I" failures="0" tests="4" name="Default test" time="0.229" errors="0" timestamp="2023-05-26T11:29:32 IST">
  <testcase classname="vTiger.baseclass.practice.CreateDataFromCommandLineTest" name="demo1" time="0.026"/>
  <testcase classname="vTiger.baseclass.practice.CreateDataFromCommandLineTest" name="demo2" time="0.007"/>
  <testcase classname="vTiger.baseclass.practice.CreateDataFromCommandLineTest" name="demo3" time="0.015"/>
  <testcase classname="vTiger.baseclass.practice.CreateDataFromCommandLineTest" name="readData" time="0.012"/>
</testsuite> <!-- Default test -->
