<?xml version="1.0" encoding="UTF-8"?>
<!-- Generated by org.testng.reporters.JUnitXMLReporter -->
<testsuite ignored="0" hostname="DESKTOP-D783K9I" failures="0" tests="4" name="Test" time="0.309" errors="0" timestamp="2023-04-25T17:57:26 IST">
  <testcase classname="vTiger.baseclass.practice.CreateDataFromCommandLineTest" name="demo1" time="0.031"/>
  <testcase classname="vTiger.baseclass.practice.CreateDataFromCommandLineTest" name="demo2" time="0.007"/>
  <testcase classname="vTiger.baseclass.practice.CreateDataFromCommandLineTest" name="demo3" time="0.037"/>
  <testcase classname="vTiger.baseclass.practice.CreateDataFromCommandLineTest" name="readData" time="0.021"/>
</testsuite> <!-- Test -->
