<?xml version="1.0" encoding="UTF-8"?>
<testng-results ignored="0" total="4" passed="4" failed="0" skipped="0">
  <reporter-output>
  </reporter-output>
  <suite started-at="2023-05-26T11:29:31 IST" name="Default suite" finished-at="2023-05-26T11:29:32 IST" duration-ms="229">
    <groups>
    </groups>
    <test started-at="2023-05-26T11:29:31 IST" name="Default test" finished-at="2023-05-26T11:29:32 IST" duration-ms="229">
      <class name="vTiger.baseclass.practice.CreateDataFromCommandLineTest">
        <test-method signature="demo1()[pri:0, instance:vTiger.baseclass.practice.CreateDataFromCommandLineTest@550ee7e5]" started-at="2023-05-26T11:29:32 IST" name="demo1" finished-at="2023-05-26T11:29:32 IST" duration-ms="26" status="PASS">
          <reporter-output>
          </reporter-output>
        </test-method> <!-- demo1 -->
        <test-method signature="demo2()[pri:0, instance:vTiger.baseclass.practice.CreateDataFromCommandLineTest@550ee7e5]" started-at="2023-05-26T11:29:32 IST" name="demo2" finished-at="2023-05-26T11:29:32 IST" duration-ms="7" status="PASS">
          <reporter-output>
          </reporter-output>
        </test-method> <!-- demo2 -->
        <test-method signature="demo3()[pri:0, instance:vTiger.baseclass.practice.CreateDataFromCommandLineTest@550ee7e5]" started-at="2023-05-26T11:29:32 IST" name="demo3" finished-at="2023-05-26T11:29:32 IST" duration-ms="15" status="PASS">
          <reporter-output>
          </reporter-output>
        </test-method> <!-- demo3 -->
        <test-method signature="readData()[pri:0, instance:vTiger.baseclass.practice.CreateDataFromCommandLineTest@550ee7e5]" started-at="2023-05-26T11:29:32 IST" name="readData" finished-at="2023-05-26T11:29:32 IST" duration-ms="12" status="PASS">
          <reporter-output>
          </reporter-output>
        </test-method> <!-- readData -->
      </class> <!-- vTiger.baseclass.practice.CreateDataFromCommandLineTest -->
    </test> <!-- Default test -->
  </suite> <!-- Default suite -->
</testng-results>
